<?xml version="1.0" encoding="UTF-8"?>
<!-- Generated by org.testng.reporters.JUnitReportReporter -->
<testsuite hostname="DESKTOP-0HJJQ6S" failures="0" tests="1" name="com.bridgelabz.qa_REST_ASSURED.Spotify.Tracks" time="4.523" errors="0" timestamp="2022-09-03T08:06:29 IST" skipped="0">
  <testcase classname="com.bridgelabz.qa_REST_ASSURED.Spotify.Tracks" name="get_Tracks_Audioanalysis" time="4.523"/>
  <system-out/>
</testsuite> <!-- com.bridgelabz.qa_REST_ASSURED.Spotify.Tracks -->
