<?xml version="1.0" encoding="UTF-8"?>
<!-- Generated by org.testng.reporters.JUnitReportReporter -->
<testsuite hostname="DESKTOP-0HJJQ6S" failures="0" tests="1" name="com.bridgelabz.qa_REST_ASSURED.Spotify.Search" time="3.942" errors="0" timestamp="2022-09-02T22:11:04 IST" skipped="0">
  <testcase classname="com.bridgelabz.qa_REST_ASSURED.Spotify.Search" name="search" time="3.942"/>
  <system-out/>
</testsuite> <!-- com.bridgelabz.qa_REST_ASSURED.Spotify.Search -->
