<?xml version="1.0" encoding="UTF-8"?>
<!-- Generated by org.testng.reporters.JUnitReportReporter -->
<testsuite hostname="DESKTOP-0HJJQ6S" failures="0" tests="1" name="com.bridgelabz.qa_REST_ASSURED.Employees" time="5.862" errors="0" timestamp="2022-08-22T08:15:58 IST" skipped="0">
  <testcase classname="com.bridgelabz.qa_REST_ASSURED.Employees" name="deleteEmployee" time="5.862"/>
  <system-out/>
</testsuite> <!-- com.bridgelabz.qa_REST_ASSURED.Employees -->
