<?xml version="1.0" encoding="UTF-8"?>
<!-- Generated by org.testng.reporters.JUnitReportReporter -->
<testsuite hostname="DESKTOP-0HJJQ6S" failures="0" tests="1" name="com.bridgelabz.qa_REST_ASSURED.Spotify.Episodes" time="3.492" errors="0" timestamp="2022-09-13T01:09:17 IST" skipped="0">
  <testcase classname="com.bridgelabz.qa_REST_ASSURED.Spotify.Episodes" name="get_Several_Episodes" time="3.492"/>
  <system-out/>
</testsuite> <!-- com.bridgelabz.qa_REST_ASSURED.Spotify.Episodes -->
