<?xml version="1.0" encoding="UTF-8"?>
<!-- Generated by org.testng.reporters.JUnitReportReporter -->
<testsuite hostname="DESKTOP-0HJJQ6S" failures="0" tests="1" name="com.bridgelabz.qa_REST_ASSURED.Spotify" time="3.580" errors="0" timestamp="2022-08-19T16:03:14 IST" skipped="0">
  <testcase classname="com.bridgelabz.qa_REST_ASSURED.Spotify" name="get_Current_Users_Profiles" time="3.580"/>
  <system-out/>
</testsuite> <!-- com.bridgelabz.qa_REST_ASSURED.Spotify -->
