<?xml version="1.0" encoding="UTF-8"?>
<!-- Generated by org.testng.reporters.JUnitReportReporter -->
<testsuite hostname="DESKTOP-0HJJQ6S" failures="0" tests="1" name="com.bridgelabz.qa_REST_ASSURED.Spotify.Markets" time="3.676" errors="0" timestamp="2022-09-13T02:08:35 IST" skipped="0">
  <testcase classname="com.bridgelabz.qa_REST_ASSURED.Spotify.Markets" name="get_Available_Market" time="3.676"/>
  <system-out/>
</testsuite> <!-- com.bridgelabz.qa_REST_ASSURED.Spotify.Markets -->
